9 [23223419093760] INFO perfrun.launcher <> - Launcher main begin
12 [23223419093760] INFO perfrun.launcher <> - MessageCatalogInit finished
12 [23223419093760] INFO perfrun.launcher <> - Launcher instance created
12 [23223419093760] INFO perfrun.launcher <> - argc = 6; cmdline = /apps/all/Advisor/2021.4.0-GCCcore-10.3.0/advisor/2021.4.0/bin64/advixe-runss -dump-vdso -r /tmp/advixe-tmp-xhosad00/advixe-res-1888840-12175695042330236 --tmp-dir /tmp/advixe-tmp-xhosad00 
62 [23223419093760] INFO perfrun.launcher <> - create msngr2::ICliToolContext
62 [23223419093760] INFO perfrun.launcher <> - create file finder object
65 [23223288649472] INFO perfrun.launcher <> - plugin [remoteplug] was disabled because it doesn't support the given collection type.
65 [23223288649472] INFO perfrun.launcher <> - plugin [system] was disabled because it doesn't support the given collection type.
65 [23223288649472] INFO perfrun.vdso <> - dumping [vdso] pseudomodule
66 [23223288649472] INFO perfrun.launcher <> - plugin [itt] was disabled because it doesn't support the given collection type.
66 [23223288649472] INFO perfrun.launcher <> - plugin [] was disabled because it doesn't support the given collection type.
66 [23223288649472] INFO perfrun.launcher <> - plugin [gpu] was disabled because it doesn't support the given collection type.
66 [23223288649472] INFO perfrun.launcher <> - plugin [] was disabled because it doesn't support the given collection type.
66 [23223288649472] INFO perfrun.launcher <> - plugin [] was disabled because it doesn't support the given collection type.
66 [23223288649472] INFO perfrun.launcher <> - plugin [] was disabled because it doesn't support the given collection type.
66 [23223288649472] INFO perfrun.launcher <> - plugin [mrte] was disabled because it doesn't support the given collection type.
66 [23223288649472] INFO perfrun.launcher <> - plugin [] was disabled because it doesn't support the given collection type.
66 [23223288649472] INFO perfrun.launcher <> - plugin [] was disabled because it doesn't support the given collection type.
66 [23223288649472] INFO perfrun.launcher <> - plugin [] was disabled because it doesn't support the given collection type.
66 [23223288649472] INFO perfrun.launcher <> - plugin [] was disabled because it doesn't support the given collection type.
66 [23223288649472] INFO perfrun.launcher <> - plugin [] was disabled because it doesn't support the given collection type.
66 [23223288649472] INFO perfrun.launcher <> - plugin [] was disabled because it doesn't support the given collection type.
66 [23223288649472] INFO perfrun.launcher <> - plugin [] was disabled because it doesn't support the given collection type.
66 [23223288649472] INFO perfrun.launcher <> - plugin [tpss] was disabled because it doesn't support the given collection type.
66 [23223288649472] INFO perfrun.launcher <> - plugin [] was disabled because it doesn't support the given collection type.
66 [23223288649472] INFO perfrun.launcher <> - plugin [] was disabled because it doesn't support the given collection type.
66 [23223288649472] INFO perfrun.launcher <> - plugin [] was disabled because it doesn't support the given collection type.
66 [23223288649472] INFO perfrun.launcher <> - plugin [] was disabled because it doesn't support the given collection type.
66 [23223288649472] INFO perfrun.launcher <> - plugin [] was disabled because it doesn't support the given collection type.
66 [23223288649472] INFO perfrun.launcher <> - plugin [] was disabled because it doesn't support the given collection type.
66 [23223288649472] INFO perfrun.launcher <> - plugin [] was disabled because it doesn't support the given collection type.
66 [23223288649472] INFO perfrun.launcher <> - plugin [] was disabled because it doesn't support the given collection type.
66 [23223288649472] INFO perfrun.launcher <> - plugin [] was disabled because it doesn't support the given collection type.
66 [23223288649472] INFO perfrun.launcher <> - plugin [] was disabled because it doesn't support the given collection type.
66 [23223419093760] INFO perfrun.launcher <> - Application exit code: 0
66 [23223419093760] INFO perfrun.launcher <> - Exit code: 0
