<?xml version="1.0" encoding="utf-8"?>
<log version="1.0" tool="runtool">

<msg id="1" tool="runtool">
  <type>log-start</type>
  <arg>2024/11/06 19:55:42</arg>
</msg>
<msg id="2" tool="runtool">
  <type>bandwidth-measurement-starts</type>
</msg>
<msg id="3" tool="runtool">
  <type>bandwidth-measurement-done</type>
</msg>
<msg id="4" tool="runtool">
  <type>collector-starts</type>
</msg>
<msg id="5" tool="runtool">
  <type>marker-file</type>
  <arg>/home/xhosad00/avs-proj01/Adv/LineAdv/e000/trc001/trc001.advixe</arg>
</msg>
<msg id="6" tool="trc">
  <type>PROCESS_START</type>
  <arg>/home/xhosad00/avs-proj01/build/mandelbrot</arg>
  <arg>1890871</arg>
  <severity>INFO</severity>
  <timestamp>Wed Nov  6 18:55:57 2024</timestamp>
</msg>
<msg id="7" tool="trc">
  <type>PROCESS_ANALYSIS_MODE</type>
  <arg>full</arg>
  <severity>INFO</severity>
  <timestamp>Wed Nov  6 18:55:57 2024</timestamp>
</msg>
<msg id="8" tool="trc">
  <type>LOAD_MODULE</type>
  <arg>/home/xhosad00/avs-proj01/build/mandelbrot</arg>
  <arg>0x400000</arg>
  <arg>0x4598bf</arg>
  <arg>yes</arg>
  <severity>INFO</severity>
  <timestamp>Wed Nov  6 18:55:57 2024</timestamp>
</msg>
<msg id="9" tool="trc">
  <type>LOAD_MODULE</type>
  <arg>/lib64/ld-linux-x86-64.so.2</arg>
  <arg>0x1553fafcf000</arg>
  <arg>0x1553fb1fd1cf</arg>
  <arg>yes</arg>
  <severity>INFO</severity>
  <timestamp>Wed Nov  6 18:55:57 2024</timestamp>
</msg>
<msg id="10" tool="trc">
  <type>LOAD_MODULE</type>
  <arg>[vdso]</arg>
  <arg>0x7ffe8f2f8000</arg>
  <arg>0x7ffe8f2f8f5c</arg>
  <arg>no</arg>
  <severity>INFO</severity>
  <timestamp>Wed Nov  6 18:55:57 2024</timestamp>
</msg>
<msg id="11" tool="trc">
  <type>LOAD_MODULE</type>
  <arg>/apps/all/zlib/1.2.12-GCCcore-11.3.0/lib/libz.so.1</arg>
  <arg>0x1553e42dc000</arg>
  <arg>0x1553e42f4180</arg>
  <arg>yes</arg>
  <severity>INFO</severity>
  <timestamp>Wed Nov  6 18:55:57 2024</timestamp>
</msg>
<msg id="12" tool="trc">
  <type>LOAD_MODULE</type>
  <arg>/apps/all/GCCcore/11.3.0/lib64/libstdc++.so.6</arg>
  <arg>0x1553e4052000</arg>
  <arg>0x1553e427e1bf</arg>
  <arg>yes</arg>
  <severity>INFO</severity>
  <timestamp>Wed Nov  6 18:55:57 2024</timestamp>
</msg>
<msg id="13" tool="trc">
  <type>LOAD_MODULE</type>
  <arg>/lib64/libm.so.6</arg>
  <arg>0x1553e3c97000</arg>
  <arg>0x1553e401813f</arg>
  <arg>yes</arg>
  <severity>INFO</severity>
  <timestamp>Wed Nov  6 18:55:57 2024</timestamp>
</msg>
<msg id="14" tool="trc">
  <type>LOAD_MODULE</type>
  <arg>/apps/all/GCCcore/11.3.0/lib64/libgcc_s.so.1</arg>
  <arg>0x1553e3c7d000</arg>
  <arg>0x1553e3c96447</arg>
  <arg>yes</arg>
  <severity>INFO</severity>
  <timestamp>Wed Nov  6 18:55:57 2024</timestamp>
</msg>
<msg id="15" tool="trc">
  <type>LOAD_MODULE</type>
  <arg>/lib64/libdl.so.2</arg>
  <arg>0x1553e3a79000</arg>
  <arg>0x1553e3c7c12f</arg>
  <arg>yes</arg>
  <severity>INFO</severity>
  <timestamp>Wed Nov  6 18:55:57 2024</timestamp>
</msg>
<msg id="16" tool="trc">
  <type>LOAD_MODULE</type>
  <arg>/lib64/libc.so.6</arg>
  <arg>0x1553e36ac000</arg>
  <arg>0x1553e3a7073f</arg>
  <arg>yes</arg>
  <severity>INFO</severity>
  <timestamp>Wed Nov  6 18:55:57 2024</timestamp>
</msg>
<msg id="17" tool="trc">
  <type>UNLOAD_MODULE</type>
  <arg>/home/xhosad00/avs-proj01/build/mandelbrot</arg>
  <severity>INFO</severity>
  <timestamp>Wed Nov  6 18:56:00 2024</timestamp>
</msg>
<msg id="18" tool="trc">
  <type>UNLOAD_MODULE</type>
  <arg>/lib64/ld-linux-x86-64.so.2</arg>
  <severity>INFO</severity>
  <timestamp>Wed Nov  6 18:56:00 2024</timestamp>
</msg>
<msg id="19" tool="trc">
  <type>UNLOAD_MODULE</type>
  <arg>[vdso]</arg>
  <severity>INFO</severity>
  <timestamp>Wed Nov  6 18:56:00 2024</timestamp>
</msg>
<msg id="20" tool="trc">
  <type>UNLOAD_MODULE</type>
  <arg>/apps/all/zlib/1.2.12-GCCcore-11.3.0/lib/libz.so.1</arg>
  <severity>INFO</severity>
  <timestamp>Wed Nov  6 18:56:00 2024</timestamp>
</msg>
<msg id="21" tool="trc">
  <type>UNLOAD_MODULE</type>
  <arg>/apps/all/GCCcore/11.3.0/lib64/libstdc++.so.6</arg>
  <severity>INFO</severity>
  <timestamp>Wed Nov  6 18:56:00 2024</timestamp>
</msg>
<msg id="22" tool="trc">
  <type>UNLOAD_MODULE</type>
  <arg>/lib64/libm.so.6</arg>
  <severity>INFO</severity>
  <timestamp>Wed Nov  6 18:56:00 2024</timestamp>
</msg>
<msg id="23" tool="trc">
  <type>UNLOAD_MODULE</type>
  <arg>/apps/all/GCCcore/11.3.0/lib64/libgcc_s.so.1</arg>
  <severity>INFO</severity>
  <timestamp>Wed Nov  6 18:56:00 2024</timestamp>
</msg>
<msg id="24" tool="trc">
  <type>UNLOAD_MODULE</type>
  <arg>/lib64/libdl.so.2</arg>
  <severity>INFO</severity>
  <timestamp>Wed Nov  6 18:56:00 2024</timestamp>
</msg>
<msg id="25" tool="trc">
  <type>UNLOAD_MODULE</type>
  <arg>/lib64/libc.so.6</arg>
  <severity>INFO</severity>
  <timestamp>Wed Nov  6 18:56:00 2024</timestamp>
</msg>
<msg id="26" tool="trc">
  <type>PROCESS_FINISH</type>
  <arg>/home/xhosad00/avs-proj01/build/mandelbrot</arg>
  <arg>1890871</arg>
  <arg>0x0</arg>
  <severity>INFO</severity>
  <timestamp>Wed Nov  6 18:56:00 2024</timestamp>
</msg>
<msg id="27" tool="runtool">
  <type>app-exit-code</type>
  <arg>0</arg>
</msg>
<msg id="28" tool="runtool">
  <type>marker-file</type>
  <arg>/home/xhosad00/avs-proj01/Adv/LineAdv/e000/trc001/trc001.advixe</arg>
</msg>
<msg id="29" tool="runtool">
  <type>collector-done</type>
</msg>
<msg id="30" tool="runtool">
  <type>log-end</type>
  <arg>2024/11/06 19:56:04</arg>
</msg>

</log>

