<?xml version="1.0" encoding="utf-8"?>
<log version="1.0" tool="runtool">

<msg id="1" tool="runtool">
  <type>log-start</type>
  <arg>2024/11/06 20:14:45</arg>
</msg>
<msg id="2" tool="runtool">
  <type>collector-starts</type>
</msg>
<msg id="3" tool="runtool">
  <type>marker-file</type>
  <arg>/home/xhosad00/avs-proj01/Adv/LineAdv/e000/mp001/mp001.advixe</arg>
</msg>
<msg id="4" tool="tc">
  <type>START</type>
  <severity>INFO</severity>
  <timestamp>Wed Nov  6 19:14:45 2024</timestamp>
</msg>
<msg id="5" tool="tc">
  <type>EXEC_OF_INTEREST</type>
  <arg>/home/xhosad00/avs-proj01/build/mandelbrot</arg>
  <arg>1894672</arg>
  <severity>INFO</severity>
  <timestamp>Wed Nov  6 19:14:45 2024</timestamp>
</msg>
<msg id="6" tool="tc">
  <type>LOAD_MODULE</type>
  <arg>/home/xhosad00/avs-proj01/build/mandelbrot</arg>
  <arg>0x400000</arg>
  <arg>0x4598bf</arg>
  <arg>1</arg>
  <severity>INFO</severity>
  <timestamp>Wed Nov  6 19:14:45 2024</timestamp>
</msg>
<msg id="7" tool="tc">
  <type>LOAD_MODULE</type>
  <arg>/lib64/ld-linux-x86-64.so.2</arg>
  <arg>0x14bf7a665000</arg>
  <arg>0x14bf7a8931cf</arg>
  <arg>2</arg>
  <severity>INFO</severity>
  <timestamp>Wed Nov  6 19:14:45 2024</timestamp>
</msg>
<msg id="8" tool="tc">
  <type>LOAD_MODULE</type>
  <arg>[vdso]</arg>
  <arg>0x7fffc1de1000</arg>
  <arg>0x7fffc1de1f5c</arg>
  <arg>3</arg>
  <severity>INFO</severity>
  <timestamp>Wed Nov  6 19:14:45 2024</timestamp>
</msg>
<msg id="9" tool="tc">
  <type>LOAD_MODULE</type>
  <arg>/apps/all/zlib/1.2.12-GCCcore-11.3.0/lib/libz.so.1</arg>
  <arg>0x14bf6356d000</arg>
  <arg>0x14bf63585180</arg>
  <arg>4</arg>
  <severity>INFO</severity>
  <timestamp>Wed Nov  6 19:14:46 2024</timestamp>
</msg>
<msg id="10" tool="tc">
  <type>LOAD_MODULE</type>
  <arg>/apps/all/GCCcore/11.3.0/lib64/libstdc++.so.6</arg>
  <arg>0x14bf632b4000</arg>
  <arg>0x14bf634e01bf</arg>
  <arg>5</arg>
  <severity>INFO</severity>
  <timestamp>Wed Nov  6 19:14:46 2024</timestamp>
</msg>
<msg id="11" tool="tc">
  <type>LOAD_MODULE</type>
  <arg>/lib64/libm.so.6</arg>
  <arg>0x14bf62ed3000</arg>
  <arg>0x14bf6325413f</arg>
  <arg>6</arg>
  <severity>INFO</severity>
  <timestamp>Wed Nov  6 19:14:46 2024</timestamp>
</msg>
<msg id="12" tool="tc">
  <type>LOAD_MODULE</type>
  <arg>/apps/all/GCCcore/11.3.0/lib64/libgcc_s.so.1</arg>
  <arg>0x14bf62eb1000</arg>
  <arg>0x14bf62eca447</arg>
  <arg>7</arg>
  <severity>INFO</severity>
  <timestamp>Wed Nov  6 19:14:46 2024</timestamp>
</msg>
<msg id="13" tool="tc">
  <type>LOAD_MODULE</type>
  <arg>/lib64/libdl.so.2</arg>
  <arg>0x14bf62c9a000</arg>
  <arg>0x14bf62e9d12f</arg>
  <arg>8</arg>
  <severity>INFO</severity>
  <timestamp>Wed Nov  6 19:14:46 2024</timestamp>
</msg>
<msg id="14" tool="tc">
  <type>LOAD_MODULE</type>
  <arg>/lib64/libc.so.6</arg>
  <arg>0x14bf628ca000</arg>
  <arg>0x14bf62c8e73f</arg>
  <arg>9</arg>
  <severity>INFO</severity>
  <timestamp>Wed Nov  6 19:14:46 2024</timestamp>
</msg>
<msg id="15" tool="tc">
  <type>UNLOAD_MODULE</type>
  <arg>/home/xhosad00/avs-proj01/build/mandelbrot</arg>
  <arg>1</arg>
  <severity>INFO</severity>
  <timestamp>Wed Nov  6 19:14:48 2024</timestamp>
</msg>
<msg id="16" tool="tc">
  <type>UNLOAD_MODULE</type>
  <arg>/lib64/ld-linux-x86-64.so.2</arg>
  <arg>2</arg>
  <severity>INFO</severity>
  <timestamp>Wed Nov  6 19:14:48 2024</timestamp>
</msg>
<msg id="17" tool="tc">
  <type>UNLOAD_MODULE</type>
  <arg>[vdso]</arg>
  <arg>3</arg>
  <severity>INFO</severity>
  <timestamp>Wed Nov  6 19:14:48 2024</timestamp>
</msg>
<msg id="18" tool="tc">
  <type>UNLOAD_MODULE</type>
  <arg>/apps/all/zlib/1.2.12-GCCcore-11.3.0/lib/libz.so.1</arg>
  <arg>4</arg>
  <severity>INFO</severity>
  <timestamp>Wed Nov  6 19:14:48 2024</timestamp>
</msg>
<msg id="19" tool="tc">
  <type>UNLOAD_MODULE</type>
  <arg>/apps/all/GCCcore/11.3.0/lib64/libstdc++.so.6</arg>
  <arg>5</arg>
  <severity>INFO</severity>
  <timestamp>Wed Nov  6 19:14:48 2024</timestamp>
</msg>
<msg id="20" tool="tc">
  <type>UNLOAD_MODULE</type>
  <arg>/lib64/libm.so.6</arg>
  <arg>6</arg>
  <severity>INFO</severity>
  <timestamp>Wed Nov  6 19:14:48 2024</timestamp>
</msg>
<msg id="21" tool="tc">
  <type>UNLOAD_MODULE</type>
  <arg>/apps/all/GCCcore/11.3.0/lib64/libgcc_s.so.1</arg>
  <arg>7</arg>
  <severity>INFO</severity>
  <timestamp>Wed Nov  6 19:14:48 2024</timestamp>
</msg>
<msg id="22" tool="tc">
  <type>UNLOAD_MODULE</type>
  <arg>/lib64/libdl.so.2</arg>
  <arg>8</arg>
  <severity>INFO</severity>
  <timestamp>Wed Nov  6 19:14:48 2024</timestamp>
</msg>
<msg id="23" tool="tc">
  <type>UNLOAD_MODULE</type>
  <arg>/lib64/libc.so.6</arg>
  <arg>9</arg>
  <severity>INFO</severity>
  <timestamp>Wed Nov  6 19:14:48 2024</timestamp>
</msg>
<msg id="24" tool="tc">
  <type>PROCESS_TERMINATE</type>
  <arg>/home/xhosad00/avs-proj01/build/mandelbrot</arg>
  <arg>1894672</arg>
  <severity>INFO</severity>
  <timestamp>Wed Nov  6 19:14:48 2024</timestamp>
</msg>
<msg id="25" tool="tc">
  <type>NO_ANNOTATIONS</type>
  <severity>WARNING</severity>
  <timestamp>Wed Nov  6 19:14:48 2024</timestamp>
</msg>
<msg id="26" tool="tc">
  <type>ANALYSIS_COMPLETE</type>
  <severity>INFO</severity>
  <timestamp>Wed Nov  6 19:14:48 2024</timestamp>
</msg>
<msg id="27" tool="tc">
  <type>STOP</type>
  <severity>INFO</severity>
  <timestamp>Wed Nov  6 19:14:48 2024</timestamp>
</msg>
<msg id="28" tool="runtool">
  <type>app-exit-code</type>
  <arg>0</arg>
</msg>
<msg id="29" tool="runtool">
  <type>marker-file</type>
  <arg>/home/xhosad00/avs-proj01/Adv/LineAdv/e000/mp001/mp001.advixe</arg>
</msg>
<msg id="30" tool="runtool">
  <type>collector-done</type>
</msg>
<msg id="31" tool="runtool">
  <type>log-end</type>
  <arg>2024/11/06 20:14:52</arg>
</msg>

</log>

