<?xml version="1.0" encoding="utf-8" ?>
<!-- DO NOT EDIT THIS FILE -->

<log version='2.0' source='tcet'>
	<!-- Opened annotation file /apps/all/Advisor/2021.4.0-GCCcore-10.3.0/advisor/2021.4.0/lib64/../config/tc/map.ant -->
	<!-- Opened annotation file /apps/all/Advisor/2021.4.0-GCCcore-10.3.0/advisor/2021.4.0/lib64/../config/tc/allocators.ant -->
	<msg id='1' display='false' source='map'>
		<type>START</type>
		<severity>INFO</severity>
		<timestamp>Wed Nov  6 19:14:45 2024</timestamp>
	</msg>
	<!-- Successfully loaded CCRT 13.10.9 at address 0x14bf78197000 - 0x14bf781a0000 -->
	<!-- Successfully loaded the TC Analysis Core 8.18.12 at address 0x14bf75ed1000 - 0x14bf75f31000 -->
	<!-- Successfully loaded the TC Instrumentation Engine 8.18.12 at address 0x14bf781a0000 - 0x14bf78407000 -->
	<!-- Environment: INTEL_LIBITTNOTIFY32=/apps/all/Advisor/2021.4.0-GCCcore-10.3.0/advisor/2021.4.0/lib32/runtime/libittnotify.so -->
	<!-- Environment: INTEL_LIBITTNOTIFY64=/apps/all/Advisor/2021.4.0-GCCcore-10.3.0/advisor/2021.4.0/lib64/runtime/libittnotify.so -->
	<!-- Environment: INTEL_JIT_PROFILER32=/apps/all/Advisor/2021.4.0-GCCcore-10.3.0/advisor/2021.4.0/lib32/libpinjitprofiling.so -->
	<!-- Environment: INTEL_JIT_PROFILER64=/apps/all/Advisor/2021.4.0-GCCcore-10.3.0/advisor/2021.4.0/lib64/libpinjitprofiling.so -->
	<!-- This is the instance of interest -->
	<msg id='2' source='tcet'>
		<type>EXEC_OF_INTEREST</type>
		<severity>INFO</severity>
		<timestamp>Wed Nov  6 19:14:45 2024</timestamp>
		<arg name='process'>/home/xhosad00/avs-proj01/build/mandelbrot</arg>
		<arg name='pid'>1894672</arg>
	</msg>
	<msg id='3' source='tcet'>
		<type>LOAD_MODULE</type>
		<severity>INFO</severity>
		<timestamp>Wed Nov  6 19:14:45 2024</timestamp>
		<arg name='module'>/home/xhosad00/avs-proj01/build/mandelbrot</arg>
		<arg name='basement'>0x400000</arg>
		<arg name='ceiling'>0x4598bf</arg>
		<arg name='id'>1</arg>
	</msg>
	<msg id='4' source='tcet'>
		<type>LOAD_MODULE</type>
		<severity>INFO</severity>
		<timestamp>Wed Nov  6 19:14:45 2024</timestamp>
		<arg name='module'>/lib64/ld-linux-x86-64.so.2</arg>
		<arg name='basement'>0x14bf7a665000</arg>
		<arg name='ceiling'>0x14bf7a8931cf</arg>
		<arg name='id'>2</arg>
	</msg>
	<msg id='5' source='tcet'>
		<type>LOAD_MODULE</type>
		<severity>INFO</severity>
		<timestamp>Wed Nov  6 19:14:45 2024</timestamp>
		<arg name='module'>[vdso]</arg>
		<arg name='basement'>0x7fffc1de1000</arg>
		<arg name='ceiling'>0x7fffc1de1f5c</arg>
		<arg name='id'>3</arg>
	</msg>
	<msg id='6' source='tcet'>
		<type>LOAD_MODULE</type>
		<severity>INFO</severity>
		<timestamp>Wed Nov  6 19:14:46 2024</timestamp>
		<arg name='module'>/apps/all/zlib/1.2.12-GCCcore-11.3.0/lib/libz.so.1</arg>
		<arg name='basement'>0x14bf6356d000</arg>
		<arg name='ceiling'>0x14bf63585180</arg>
		<arg name='id'>4</arg>
	</msg>
	<msg id='7' source='tcet'>
		<type>LOAD_MODULE</type>
		<severity>INFO</severity>
		<timestamp>Wed Nov  6 19:14:46 2024</timestamp>
		<arg name='module'>/apps/all/GCCcore/11.3.0/lib64/libstdc++.so.6</arg>
		<arg name='basement'>0x14bf632b4000</arg>
		<arg name='ceiling'>0x14bf634e01bf</arg>
		<arg name='id'>5</arg>
	</msg>
	<msg id='8' source='tcet'>
		<type>LOAD_MODULE</type>
		<severity>INFO</severity>
		<timestamp>Wed Nov  6 19:14:46 2024</timestamp>
		<arg name='module'>/lib64/libm.so.6</arg>
		<arg name='basement'>0x14bf62ed3000</arg>
		<arg name='ceiling'>0x14bf6325413f</arg>
		<arg name='id'>6</arg>
	</msg>
	<msg id='9' source='tcet'>
		<type>LOAD_MODULE</type>
		<severity>INFO</severity>
		<timestamp>Wed Nov  6 19:14:46 2024</timestamp>
		<arg name='module'>/apps/all/GCCcore/11.3.0/lib64/libgcc_s.so.1</arg>
		<arg name='basement'>0x14bf62eb1000</arg>
		<arg name='ceiling'>0x14bf62eca447</arg>
		<arg name='id'>7</arg>
	</msg>
	<msg id='10' source='tcet'>
		<type>LOAD_MODULE</type>
		<severity>INFO</severity>
		<timestamp>Wed Nov  6 19:14:46 2024</timestamp>
		<arg name='module'>/lib64/libdl.so.2</arg>
		<arg name='basement'>0x14bf62c9a000</arg>
		<arg name='ceiling'>0x14bf62e9d12f</arg>
		<arg name='id'>8</arg>
	</msg>
	<msg id='11' source='tcet'>
		<type>LOAD_MODULE</type>
		<severity>INFO</severity>
		<timestamp>Wed Nov  6 19:14:46 2024</timestamp>
		<arg name='module'>/lib64/libc.so.6</arg>
		<arg name='basement'>0x14bf628ca000</arg>
		<arg name='ceiling'>0x14bf62c8e73f</arg>
		<arg name='id'>9</arg>
	</msg>
	<msg id='12' source='tcet'>
		<type>UNLOAD_MODULE</type>
		<severity>INFO</severity>
		<timestamp>Wed Nov  6 19:14:48 2024</timestamp>
		<arg name='module'>/home/xhosad00/avs-proj01/build/mandelbrot</arg>
		<arg name='id'>1</arg>
	</msg>
	<msg id='13' source='tcet'>
		<type>UNLOAD_MODULE</type>
		<severity>INFO</severity>
		<timestamp>Wed Nov  6 19:14:48 2024</timestamp>
		<arg name='module'>/lib64/ld-linux-x86-64.so.2</arg>
		<arg name='id'>2</arg>
	</msg>
	<msg id='14' source='tcet'>
		<type>UNLOAD_MODULE</type>
		<severity>INFO</severity>
		<timestamp>Wed Nov  6 19:14:48 2024</timestamp>
		<arg name='module'>[vdso]</arg>
		<arg name='id'>3</arg>
	</msg>
	<msg id='15' source='tcet'>
		<type>UNLOAD_MODULE</type>
		<severity>INFO</severity>
		<timestamp>Wed Nov  6 19:14:48 2024</timestamp>
		<arg name='module'>/apps/all/zlib/1.2.12-GCCcore-11.3.0/lib/libz.so.1</arg>
		<arg name='id'>4</arg>
	</msg>
	<msg id='16' source='tcet'>
		<type>UNLOAD_MODULE</type>
		<severity>INFO</severity>
		<timestamp>Wed Nov  6 19:14:48 2024</timestamp>
		<arg name='module'>/apps/all/GCCcore/11.3.0/lib64/libstdc++.so.6</arg>
		<arg name='id'>5</arg>
	</msg>
	<msg id='17' source='tcet'>
		<type>UNLOAD_MODULE</type>
		<severity>INFO</severity>
		<timestamp>Wed Nov  6 19:14:48 2024</timestamp>
		<arg name='module'>/lib64/libm.so.6</arg>
		<arg name='id'>6</arg>
	</msg>
	<msg id='18' source='tcet'>
		<type>UNLOAD_MODULE</type>
		<severity>INFO</severity>
		<timestamp>Wed Nov  6 19:14:48 2024</timestamp>
		<arg name='module'>/apps/all/GCCcore/11.3.0/lib64/libgcc_s.so.1</arg>
		<arg name='id'>7</arg>
	</msg>
	<msg id='19' source='tcet'>
		<type>UNLOAD_MODULE</type>
		<severity>INFO</severity>
		<timestamp>Wed Nov  6 19:14:48 2024</timestamp>
		<arg name='module'>/lib64/libdl.so.2</arg>
		<arg name='id'>8</arg>
	</msg>
	<msg id='20' source='tcet'>
		<type>UNLOAD_MODULE</type>
		<severity>INFO</severity>
		<timestamp>Wed Nov  6 19:14:48 2024</timestamp>
		<arg name='module'>/lib64/libc.so.6</arg>
		<arg name='id'>9</arg>
	</msg>
	<msg id='21' source='tcet'>
		<type>PROCESS_TERMINATE</type>
		<severity>INFO</severity>
		<timestamp>Wed Nov  6 19:14:48 2024</timestamp>
		<arg name='process'>/home/xhosad00/avs-proj01/build/mandelbrot</arg>
		<arg name='pid'>1894672</arg>
	</msg>
	<msg id='22' source='map'>
		<type>NO_ANNOTATIONS</type>
		<severity>WARNING</severity>
		<timestamp>Wed Nov  6 19:14:48 2024</timestamp>
	</msg>
	<msg id='23' display='false' source='map'>
		<type>ANALYSIS_COMPLETE</type>
		<severity>INFO</severity>
		<timestamp>Wed Nov  6 19:14:48 2024</timestamp>
	</msg>
	<msg id='24' display='false' source='map'>
		<type>STOP</type>
		<severity>INFO</severity>
		<timestamp>Wed Nov  6 19:14:48 2024</timestamp>
	</msg>
</log>