10 [22821524577280] INFO perfrun.launcher <> - Launcher main begin
11 [22821524577280] INFO perfrun.launcher <> - MessageCatalogInit finished
11 [22821524577280] INFO perfrun.launcher <> - Launcher instance created
11 [22821524577280] INFO perfrun.launcher <> - argc = 7; cmdline = /apps/all/Advisor/2021.4.0-GCCcore-10.3.0/advisor/2021.4.0/bin64/advixe-runss --ui-output-format xml --ui-output-fd 10 --option-file /home/xhosad00/avs-proj01/build_advisor/Advisor-ref/e000/hs000/config/runss.options 
64 [22821524577280] INFO perfrun.launcher <> - create msngr2::ICliToolContext
64 [22821524577280] INFO perfrun.launcher <> - create file finder object
64 [22821524577280] INFO perfrun.launcher <> - create a result directory: pattern = /home/xhosad00/avs-proj01/build_advisor/Advisor-ref/e000/hs000 pid = 4294967295
67 [22821524577280] INFO perfrun.sdk <> - checked that the directory /home/xhosad00/avs-proj01/build_advisor/Advisor-ref/e000/hs000 is a local directory
67 [22821524577280] INFO perfrun.sdk <> - the directory /home/xhosad00/avs-proj01/build_advisor/Advisor-ref/e000/hs000 is located on a share or its FS ID is unknown 26985
67 [22821524577280] INFO perfrun.sdk <> - checked that the directory /tmp/advixe-tmp-xhosad00 is a local directory
67 [22821524577280] INFO perfrun.sdk <> - the directory /tmp/advixe-tmp-xhosad00 is a local directory with FS type ID 16914836
68 [22821524577280] INFO perfrun.launcher <> - Create a local result directory /tmp/advixe-tmp-xhosad00/advixe-res-174522-37787155613924886 due to the user result path /home/xhosad00/avs-proj01/build_advisor/Advisor-ref/e000/hs000 is located on a share
68 [22821524577280] INFO perfrun.launcher <> - create data directory = /tmp/advixe-tmp-xhosad00/advixe-res-174522-37787155613924886/data.0
68 [22821524577280] INFO perfrun.launcher <> - create data directory = /home/xhosad00/avs-proj01/build_advisor/Advisor-ref/e000/hs000/data.0
68 [22821524577280] INFO perfrun.launcher <> - Creating the master collection flag
69 [22821524577280] INFO perfrun.launcher <> - Done creating the master collection flag
71 [22821394134784] INFO perfrun.launcher <> - plugin [remoteplug] was disabled because it doesn't support the given collection type.
72 [22821394134784] INFO perfrun.sdk <> - Allocating TMU :/tmp/advixe-tmp-xhosad00/advixe-res-174522-37787155613924886/data.0/systemcollector-174522-cn183.barbora.it4i.cz.sc
72 [22821394134784] INFO perfrun.launcher <> - plugin [] was disabled because it doesn't support the given collection type.
72 [22821394134784] INFO perfrun.launcher <> - plugin [gpu] was disabled because it doesn't support the given collection type.
72 [22821394134784] INFO perfrun.launcher <> - plugin [] was disabled because it doesn't support the given collection type.
72 [22821394134784] INFO perfrun.launcher <> - plugin [] was disabled because it doesn't support the given collection type.
72 [22821394134784] INFO perfrun.launcher <> - plugin [] was disabled because it doesn't support the given collection type.
72 [22821394134784] INFO perfrun.mrte <> - system-wide mode is 0
72 [22821394134784] INFO perfrun.mrte <> - Getting  mrte profiling environment ...
91 [22821394134784] INFO perfrun.mrte <> - INTEL_MRTE_DATA_DIR=/tmp/advixe-tmp-xhosad00/advixe-res-174522-37787155613924886/data.0
91 [22821394134784] INFO perfrun.mrte <> - INTEL_MRTE_HOST_NAME=cn183.barbora.it4i.cz
91 [22821394134784] INFO perfrun.mrte <> - Data directory: /tmp/advixe-tmp-xhosad00/advixe-res-174522-37787155613924886/data.0
91 [22821394134784] INFO perfrun.mrte <> - Mrte plugin is initialized
91 [22821394134784] INFO perfrun.launcher <> - plugin [] was disabled because it doesn't support the given collection type.
91 [22821394134784] INFO perfrun.launcher <> - plugin [] was disabled because it doesn't support the given collection type.
91 [22821394134784] INFO perfrun.launcher <> - plugin [] was disabled because it doesn't support the given collection type.
91 [22821394134784] INFO perfrun.launcher <> - plugin [] was disabled because it doesn't support the given collection type.
91 [22821394134784] INFO perfrun.launcher <> - plugin [] was disabled because it doesn't support the given collection type.
91 [22821394134784] INFO perfrun.launcher <> - plugin [] was disabled because it doesn't support the given collection type.
91 [22821394134784] INFO perfrun.launcher <> - plugin [] was disabled because it doesn't support the given collection type.
91 [22821394134784] INFO perfrun.tpss <> - initialize tpss controller
91 [22821394134784] INFO perfrun.tpss <> - configure collection mode: value = cpu:stack
91 [22821394134784] INFO perfrun.tpss <> - default obj-size-min=1024
91 [22821394134784] INFO perfrun.tpss <> - default hash-table-size=0
91 [22821394134784] INFO perfrun.launcher <> - plugin [] was disabled because it doesn't support the given collection type.
91 [22821394134784] INFO perfrun.launcher <> - plugin [] was disabled because it doesn't support the given collection type.
91 [22821394134784] INFO perfrun.launcher <> - plugin [] was disabled because it doesn't support the given collection type.
91 [22821394134784] INFO perfrun.launcher <> - plugin [] was disabled because it doesn't support the given collection type.
91 [22821394134784] INFO perfrun.launcher <> - plugin [] was disabled because it doesn't support the given collection type.
91 [22821394134784] INFO perfrun.launcher <> - plugin [] was disabled because it doesn't support the given collection type.
91 [22821394134784] INFO perfrun.launcher <> - plugin [] was disabled because it doesn't support the given collection type.
91 [22821394134784] INFO perfrun.launcher <> - plugin [] was disabled because it doesn't support the given collection type.
91 [22821394134784] INFO perfrun.launcher <> - plugin [] was disabled because it doesn't support the given collection type.
91 [22821394134784] INFO perfrun.launcher <> - plugin [] was disabled because it doesn't support the given collection type.
91 [22821524577280] INFO perfrun.launcher <> - set environment variable: LD_LIBRARY_PATH = /apps/all/Advisor/2021.4.0-GCCcore-10.3.0/advisor/2021.4.0/lib32/runtime:/apps/all/Advisor/2021.4.0-GCCcore-10.3.0/advisor/2021.4.0/lib64/runtime:/apps/all/libarchive/3.6.1-GCCcore-11.3.0/lib:/apps/all/XZ/5.2.5-GCCcore-11.3.0/lib:/apps/all/GCCcore/11.3.0/lib64:/apps/all/cURL/7.83.0-GCCcore-11.3.0/lib:/apps/all/OpenSSL/1.1/lib:/apps/all/bzip2/1.0.8-GCCcore-11.3.0/lib:/apps/all/zlib/1.2.12-GCCcore-11.3.0/lib:/apps/all/ncurses/6.3-GCCcore-11.3.0/lib:/apps/all/intel-compilers/2024.2.0/tbb/2021.13/lib/intel64/gcc4.8:/apps/all/intel-compilers/2024.2.0/compiler/2024.2/lib:/apps/all/binutils/2.42-GCCcore-13.3.0/lib:/apps/all/Mesa/21.1.1-GCCcore-10.3.0/lib:/apps/all/LLVM/11.1.0-GCCcore-10.3.0/lib:/apps/all/libunwind/1.4.0-GCCcore-10.3.0/lib:/apps/all/libglvnd/1.3.3-GCCcore-10.3.0/lib:/apps/all/X11/20210518-GCCcore-10.3.0/lib:/apps/all/libdrm/2.4.106-GCCcore-10.3.0/lib:/apps/all/zstd/1.4.9-GCCcore-10.3.0/lib:/apps/all/GTK2/2.24.33-GCCcore-10.3.0/lib:/apps/all/Pango/1.48.5-GCCcore-10.3.0/lib:/apps/all/FriBidi/1.0.10-GCCcore-10.3.0/lib:/apps/all/HarfBuzz/2.8.1-GCCcore-10.3.0/lib:/apps/all/cairo/1.16.0-GCCcore-10.3.0/lib:/apps/all/freetype/2.10.4-GCCcore-10.3.0/lib:/apps/all/ICU/69.1-GCCcore-10.3.0/lib:/apps/all/GLib/2.68.2-GCCcore-10.3.0/lib:/apps/all/expat/2.2.9-GCCcore-10.3.0/lib:/apps/all/pixman/0.40.0-GCCcore-10.3.0/lib:/apps/all/libpng/1.6.37-GCCcore-10.3.0/lib:/apps/all/Gdk-Pixbuf/2.42.6-GCCcore-10.3.0/lib:/apps/all/libpciaccess/0.16-GCCcore-10.3.0/lib:/apps/all/fontconfig/2.13.93-GCCcore-10.3.0/lib:/apps/all/util-linux/2.36-GCCcore-10.3.0/lib:/apps/all/Brotli/1.0.9-GCCcore-10.3.0/lib:/apps/all/LibTIFF/4.2.0-GCCcore-10.3.0/lib:/apps/all/lz4/1.9.3-GCCcore-10.3.0/lib:/apps/all/jbigkit/2.1-GCCcore-10.3.0/lib:/apps/all/libjpeg-turbo/2.0.6-GCCcore-10.3.0/lib:/apps/all/ATK/2.36.0-GCCcore-10.3.0/lib:/apps/all/PCRE2/10.36-GCCcore-10.3.0/lib:/apps/all/gettext/0.21-GCCcore-10.3.0/lib:/apps/all/libxml2/2.9.10-GCCcore-10.3.0/lib:/apps/all/libffi/3.3-GCCcore-10.3.0/lib64:/apps/all/GTK3/3.24.31-GCCcore-11.2.0/lib:/apps/all/libepoxy/1.5.8-GCCcore-11.2.0/lib:/apps/all/at-spi2-atk/2.38.0-GCCcore-11.2.0/lib:/apps/all/at-spi2-core/2.40.3-GCCcore-11.2.0/lib:/apps/all/DBus/1.13.18-GCCcore-11.2.0/lib:/apps/all/PCRE/8.45-GCCcore-11.2.0/lib:/apps/all/imkl-FFTW/2021.4.0-iimpi-2021b/lib:/apps/all/imkl/2021.4.0/mkl/2021.4.0/lib/intel64:/apps/all/imkl/2021.4.0/compiler/2021.4.0/linux/compiler/lib/intel64_lin:/apps/all/impi/2021.4.0-intel-compilers-2021.4.0/mpi/2021.4.0/libfabric/lib:/apps/all/impi/2021.4.0-intel-compilers-2021.4.0/mpi/2021.4.0/lib/release:/apps/all/impi/2021.4.0-intel-compilers-2021.4.0/mpi/2021.4.0/lib:/apps/all/UCX/1.11.2-GCCcore-11.2.0/lib:/apps/all/numactl/2.0.14-GCCcore-11.2.0/lib
91 [22821524577280] INFO perfrun.launcher <> - set environment variable: INTEL_LIBITTNOTIFY32 = /apps/all/Advisor/2021.4.0-GCCcore-10.3.0/advisor/2021.4.0/lib32/runtime/libittnotify_collector.so
91 [22821524577280] INFO perfrun.launcher <> - set environment variable: INTEL_LIBITTNOTIFY64 = /apps/all/Advisor/2021.4.0-GCCcore-10.3.0/advisor/2021.4.0/lib64/runtime/libittnotify_collector.so
91 [22821524577280] INFO perfrun.launcher <> - set environment variable: INTEL_ITTNOTIFY_GROUPS = 
91 [22821524577280] INFO perfrun.launcher <> - set environment variable: INTEL_JIT_PROFILER32 = /apps/all/Advisor/2021.4.0-GCCcore-10.3.0/advisor/2021.4.0/lib32/runtime/libittnotify_collector.so
91 [22821524577280] INFO perfrun.launcher <> - set environment variable: INTEL_JIT_PROFILER64 = /apps/all/Advisor/2021.4.0-GCCcore-10.3.0/advisor/2021.4.0/lib64/runtime/libittnotify_collector.so
91 [22821524577280] INFO perfrun.launcher <> - set environment variable: VS_PROFILER = libittnotify_collector.so
91 [22821524577280] INFO perfrun.launcher <> - set environment variable: OMP_TOOL_LIBRARIES = /apps/all/Advisor/2021.4.0-GCCcore-10.3.0/advisor/2021.4.0/lib32/runtime/libittnotify_collector.so:/apps/all/Advisor/2021.4.0-GCCcore-10.3.0/advisor/2021.4.0/lib64/runtime/libittnotify_collector.so
91 [22821524577280] INFO perfrun.launcher <> - set environment variable: ENABLE_JITPROFILING = 1
91 [22821524577280] INFO perfrun.launcher <> - set environment variable: CL_CONFIG_USE_VTUNE = True
91 [22821524577280] INFO perfrun.launcher <> - set environment variable: KMP_FORKJOIN_FRAMES = 0
92 [22821524577280] INFO perfrun.launcher <> - set environment variable: KMP_FORKJOIN_FRAMES_MODE = 0
92 [22821524577280] INFO perfrun.launcher <> - set environment variable: OMP_TOOL = disabled
92 [22821524577280] INFO perfrun.launcher <> - set environment variable: INTEL_MRTE_DATA_DIR = /tmp/advixe-tmp-xhosad00/advixe-res-174522-37787155613924886/data.0
92 [22821524577280] INFO perfrun.launcher <> - set environment variable: INTEL_MRTE_HOST_NAME = cn183.barbora.it4i.cz
92 [22821524577280] INFO perfrun.launcher <> - RpcServer: run RPC server to handle requests
92 [22821524577280] INFO perfrun.launcher <> - Launcher: command line to start before modification = ./mandelbrot -c ref -s 4096
92 [22821524577280] INFO perfrun.launcher <> - Launcher: command line to start after modification = /apps/all/Advisor/2021.4.0-GCCcore-10.3.0/advisor/2021.4.0/bin64/pin -error_file /tmp/advixe-tmp-xhosad00/advixe-res-174522-37787155613924886/data.0/pinerr.tpsslog -detach_reattach -follow_execv -tool_load_option deepbind -t64 /apps/all/Advisor/2021.4.0-GCCcore-10.3.0/advisor/2021.4.0/lib64/libtpsstool.so -t /apps/all/Advisor/2021.4.0-GCCcore-10.3.0/advisor/2021.4.0/lib32/libtpsstool.so -server_name tpss_ipc.174522 -prd_dir /apps/all/Advisor/2021.4.0-GCCcore-10.3.0/advisor/2021.4.0 -- ./mandelbrot -c ref -s 4096
92 [22821524577280] INFO perfrun.launcher <> - ProcessCreator object was created
93 [22821524577280] INFO perfrun.launcher <> - Launcher: the process was started in suspend mode
97 [22821394134784] WARN perfrun.system <> - Could not do anything with /sys/kernel/debug/kvm: boost::filesystem::status: Permission denied: "/sys/kernel/debug/kvm", at file: vcs/perfrun1/plugins/system/src/trace_writer.cpp:797
97 [22821394134784] WARN perfrun.system <> - Folder "/var/run/libvirt/qemu/"doesn't exist, at file: vcs/perfrun1/plugins/system/src/trace_writer.cpp:810
100 [22821394134784] WARN perfrun.system <> - SEP tool is not available, at file: vcs/perfrun1/plugins/system/src/device_mapper.cpp:564
100 [22821394134784] WARN perfrun.system <> - SEP driver is not available, at file: vcs/perfrun1/plugins/system/src/device_mapper.cpp:720
100 [22821394134784] WARN perfrun.system <> - amplxe-perf tool is not available, at file: vcs/perfrun1/plugins/system/src/device_mapper.cpp:580
100 [22821394134784] WARN perfrun.system <> - Device mapping through perf is not available on current kernel, at file: vcs/perfrun1/plugins/system/src/device_mapper.cpp:918
102 [22821394134784] WARN perfrun.system <> - SEP tool is not available, at file: vcs/perfrun1/plugins/system/src/device_mapper.cpp:564
102 [22821394134784] WARN perfrun.system <> - SEP driver is not available, at file: vcs/perfrun1/plugins/system/src/device_mapper.cpp:720
102 [22821394134784] WARN perfrun.sdk <> - Failed to find xl binary on any of the system paths: /bin, /sbin, /usr/bin, /usr/sbin., at file: vcs/perfrun1/sdk/src/utils.cpp:197
105 [22821394134784] INFO perfrun.vdso <> - Helper runtool '/apps/all/Advisor/2021.4.0-GCCcore-10.3.0/advisor/2021.4.0/bin32/advixe-runss -dump-vdso -r /tmp/advixe-tmp-xhosad00/advixe-res-174522-37787155613924886 --tmp-dir /tmp/advixe-tmp-xhosad00' returned 1
199 [22821394134784] INFO perfrun.vdso <> - Helper runtool '/apps/all/Advisor/2021.4.0-GCCcore-10.3.0/advisor/2021.4.0/bin64/advixe-runss -dump-vdso -r /tmp/advixe-tmp-xhosad00/advixe-res-174522-37787155613924886 --tmp-dir /tmp/advixe-tmp-xhosad00' returned 0
199 [22821394134784] INFO perfrun.itt <> - start itt controller for pid #174527
199 [22821394134784] INFO perfrun.tpss <> - start tpss controller for pid #174527
249 [22821524577280] INFO perfrun.launcher <> - Launcher: all plugins were started
249 [22821524577280] INFO perfrun.launcher <> - DirectoryMonitor object was created
249 [22821524577280] INFO perfrun.launcher <> - DirectoryMonitor: a callback was added
249 [22821524577280] INFO perfrun.launcher <> - DirectoryMonitor was started with pingTime = 1000
249 [22821524577280] INFO perfrun.launcher <> - DeadlineTimer is going to be constructed
249 [22821524577280] INFO perfrun.launcher <> - DeadlineTimer: a callback was added
251 [22821524577280] INFO perfrun.launcher <> - Launcher: resume the profiled application and  wait its termination or stop command
6029 [22821524577280] INFO perfrun.launcher <> - Launcher: the profiled application was terminated  with exit code = 0
6030 [22821394134784] INFO perfrun.itt <> - stop itt controller
6030 [22821394134784] INFO perfrun.itt <> - detach itt controller
6030 [22821394134784] INFO perfrun.tpss <> - stop tpss controller
6031 [22821394134784] INFO perfrun.sdk <> - De-allocating TMU: /tmp/advixe-tmp-xhosad00/advixe-res-174522-37787155613924886/data.0/systemcollector-174522-cn183.barbora.it4i.cz.sc
6031 [22821394134784] INFO perfrun.system <> - closed the system trace file: /tmp/advixe-tmp-xhosad00/advixe-res-174522-37787155613924886/data.0/systemcollector-174522-cn183.barbora.it4i.cz.sc
6031 [22821524577280] INFO perfrun.launcher <> - Launcher: all plugins were stopped.
6031 [22821524577280] INFO perfrun.launcher <> - DeadlineTimer is going to be destroyed
6031 [22821524577280] INFO perfrun.launcher <> - DeadlineTimer was destroyed
6031 [22821524577280] INFO perfrun.launcher <> - DirectoryMonitor object was destroyed
6031 [22821524577280] WARN perfrun.launcher <> - Stop command is ignored because it is received when collection is already stopped, at file: vcs/perfrun1/launcher/src/command_handler.cpp:212
6035 [22821524577280] INFO perfrun.launcher <> - Application exit code: 0
6035 [22821524577280] INFO perfrun.launcher <> - Exit code: 0
