<?xml version="1.0" encoding="utf-8"?>
<log version="1.0" tool="runtool">

<msg id="1" tool="runtool">
  <type>log-start</type>
  <arg>2024/11/05 19:58:46</arg>
</msg>
<msg id="2" tool="runtool">
  <type>bandwidth-measurement-starts</type>
</msg>
<msg id="3" tool="runtool">
  <type>bandwidth-measurement-done</type>
</msg>
<msg id="4" tool="runtool">
  <type>collector-starts</type>
</msg>
<msg id="5" tool="runtool">
  <type>marker-file</type>
  <arg>/home/xhosad00/avs-proj01/build_advisor/Advisor-ref/e000/trc000/trc000.advixe</arg>
</msg>
<msg id="6" tool="trc">
  <type>PROCESS_START</type>
  <arg>/home/xhosad00/avs-proj01/build_advisor/mandelbrot</arg>
  <arg>175044</arg>
  <severity>INFO</severity>
  <timestamp>Tue Nov  5 18:59:01 2024</timestamp>
</msg>
<msg id="7" tool="trc">
  <type>PROCESS_ANALYSIS_MODE</type>
  <arg>full</arg>
  <severity>INFO</severity>
  <timestamp>Tue Nov  5 18:59:01 2024</timestamp>
</msg>
<msg id="8" tool="trc">
  <type>LOAD_MODULE</type>
  <arg>/home/xhosad00/avs-proj01/build_advisor/mandelbrot</arg>
  <arg>0x400000</arg>
  <arg>0x4598bf</arg>
  <arg>yes</arg>
  <severity>INFO</severity>
  <timestamp>Tue Nov  5 18:59:01 2024</timestamp>
</msg>
<msg id="9" tool="trc">
  <type>LOAD_MODULE</type>
  <arg>/lib64/ld-linux-x86-64.so.2</arg>
  <arg>0x1519d5a3d000</arg>
  <arg>0x1519d5c6b1cf</arg>
  <arg>yes</arg>
  <severity>INFO</severity>
  <timestamp>Tue Nov  5 18:59:01 2024</timestamp>
</msg>
<msg id="10" tool="trc">
  <type>LOAD_MODULE</type>
  <arg>[vdso]</arg>
  <arg>0x7fff561ec000</arg>
  <arg>0x7fff561ecf5c</arg>
  <arg>no</arg>
  <severity>INFO</severity>
  <timestamp>Tue Nov  5 18:59:01 2024</timestamp>
</msg>
<msg id="11" tool="trc">
  <type>LOAD_MODULE</type>
  <arg>/apps/all/zlib/1.2.12-GCCcore-11.3.0/lib/libz.so.1</arg>
  <arg>0x1519bed59000</arg>
  <arg>0x1519bed71180</arg>
  <arg>yes</arg>
  <severity>INFO</severity>
  <timestamp>Tue Nov  5 18:59:01 2024</timestamp>
</msg>
<msg id="12" tool="trc">
  <type>LOAD_MODULE</type>
  <arg>/apps/all/GCCcore/11.3.0/lib64/libstdc++.so.6</arg>
  <arg>0x1519beac7000</arg>
  <arg>0x1519becf31bf</arg>
  <arg>yes</arg>
  <severity>INFO</severity>
  <timestamp>Tue Nov  5 18:59:01 2024</timestamp>
</msg>
<msg id="13" tool="trc">
  <type>LOAD_MODULE</type>
  <arg>/lib64/libm.so.6</arg>
  <arg>0x1519be714000</arg>
  <arg>0x1519bea9513f</arg>
  <arg>yes</arg>
  <severity>INFO</severity>
  <timestamp>Tue Nov  5 18:59:01 2024</timestamp>
</msg>
<msg id="14" tool="trc">
  <type>LOAD_MODULE</type>
  <arg>/apps/all/GCCcore/11.3.0/lib64/libgcc_s.so.1</arg>
  <arg>0x1519be6fa000</arg>
  <arg>0x1519be713447</arg>
  <arg>yes</arg>
  <severity>INFO</severity>
  <timestamp>Tue Nov  5 18:59:01 2024</timestamp>
</msg>
<msg id="15" tool="trc">
  <type>LOAD_MODULE</type>
  <arg>/lib64/libdl.so.2</arg>
  <arg>0x1519be4f6000</arg>
  <arg>0x1519be6f912f</arg>
  <arg>yes</arg>
  <severity>INFO</severity>
  <timestamp>Tue Nov  5 18:59:01 2024</timestamp>
</msg>
<msg id="16" tool="trc">
  <type>LOAD_MODULE</type>
  <arg>/lib64/libc.so.6</arg>
  <arg>0x1519be123000</arg>
  <arg>0x1519be4e773f</arg>
  <arg>yes</arg>
  <severity>INFO</severity>
  <timestamp>Tue Nov  5 18:59:01 2024</timestamp>
</msg>
<msg id="17" tool="trc">
  <type>UNLOAD_MODULE</type>
  <arg>/home/xhosad00/avs-proj01/build_advisor/mandelbrot</arg>
  <severity>INFO</severity>
  <timestamp>Tue Nov  5 18:59:16 2024</timestamp>
</msg>
<msg id="18" tool="trc">
  <type>UNLOAD_MODULE</type>
  <arg>/lib64/ld-linux-x86-64.so.2</arg>
  <severity>INFO</severity>
  <timestamp>Tue Nov  5 18:59:16 2024</timestamp>
</msg>
<msg id="19" tool="trc">
  <type>UNLOAD_MODULE</type>
  <arg>[vdso]</arg>
  <severity>INFO</severity>
  <timestamp>Tue Nov  5 18:59:16 2024</timestamp>
</msg>
<msg id="20" tool="trc">
  <type>UNLOAD_MODULE</type>
  <arg>/apps/all/zlib/1.2.12-GCCcore-11.3.0/lib/libz.so.1</arg>
  <severity>INFO</severity>
  <timestamp>Tue Nov  5 18:59:16 2024</timestamp>
</msg>
<msg id="21" tool="trc">
  <type>UNLOAD_MODULE</type>
  <arg>/apps/all/GCCcore/11.3.0/lib64/libstdc++.so.6</arg>
  <severity>INFO</severity>
  <timestamp>Tue Nov  5 18:59:16 2024</timestamp>
</msg>
<msg id="22" tool="trc">
  <type>UNLOAD_MODULE</type>
  <arg>/lib64/libm.so.6</arg>
  <severity>INFO</severity>
  <timestamp>Tue Nov  5 18:59:16 2024</timestamp>
</msg>
<msg id="23" tool="trc">
  <type>UNLOAD_MODULE</type>
  <arg>/apps/all/GCCcore/11.3.0/lib64/libgcc_s.so.1</arg>
  <severity>INFO</severity>
  <timestamp>Tue Nov  5 18:59:16 2024</timestamp>
</msg>
<msg id="24" tool="trc">
  <type>UNLOAD_MODULE</type>
  <arg>/lib64/libdl.so.2</arg>
  <severity>INFO</severity>
  <timestamp>Tue Nov  5 18:59:16 2024</timestamp>
</msg>
<msg id="25" tool="trc">
  <type>UNLOAD_MODULE</type>
  <arg>/lib64/libc.so.6</arg>
  <severity>INFO</severity>
  <timestamp>Tue Nov  5 18:59:16 2024</timestamp>
</msg>
<msg id="26" tool="trc">
  <type>PROCESS_FINISH</type>
  <arg>/home/xhosad00/avs-proj01/build_advisor/mandelbrot</arg>
  <arg>175044</arg>
  <arg>0x0</arg>
  <severity>INFO</severity>
  <timestamp>Tue Nov  5 18:59:16 2024</timestamp>
</msg>
<msg id="27" tool="runtool">
  <type>app-exit-code</type>
  <arg>0</arg>
</msg>
<msg id="28" tool="runtool">
  <type>marker-file</type>
  <arg>/home/xhosad00/avs-proj01/build_advisor/Advisor-ref/e000/trc000/trc000.advixe</arg>
</msg>
<msg id="29" tool="runtool">
  <type>collector-done</type>
</msg>
<msg id="30" tool="runtool">
  <type>log-end</type>
  <arg>2024/11/05 19:59:20</arg>
</msg>

</log>

